This is pdfTeX, Version 3.1415926-2.5-1.40.14 (MiKTeX 2.9 64-bit) (preloaded format=pdflatex 2015.1.6)  8 DEC 2016 15:05
entering extended mode
**H:/Users/muhletha/github/ra_eva_2016/eva2016.tex
(H:/Users/muhletha/github/ra_eva_2016/eva2016.tex
LaTeX2e <2014/05/01>
Babel <3.9l> and hyphenation patterns for 68 languages loaded.

! LaTeX Error: File `ra2016.cls' not found.

Type X to quit or <RETURN> to proceed,
or enter new name. (Default extension: cls)

Enter file name: 
! Emergency stop.
<read *> 
         
l.46 
      
End of file on the terminal!

 
Here is how much of TeX's memory you used:
 12 strings out of 493705
 251 string characters out of 3144562
 52149 words of memory out of 3000000
 3431 multiletter control sequences out of 15000+200000
 3640 words of font info for 14 fonts, out of 3000000 for 9000
 1025 hyphenation exceptions out of 8191
 10i,0n,7p,195b,8s stack positions out of 5000i,500n,10000p,200000b,50000s
!  ==> Fatal error occurred, no output PDF file produced!
